Using pre-set license
Built from '2020.3/staging' branch; Version is '2020.3.32f1 (12f8b0834f07) revision 1243312'; Using compiler version '192528614'; Build Type 'Release'
OS: 'Windows 10  (10.0.17763) 64bit EnterpriseS' Language: 'ru' Physical Memory: 16313 MB
BatchMode: 1, IsHumanControllingUs: 0, StartBugReporterOnCrash: 0, Is64bit: 1, IsPro: 0

COMMAND LINE ARGUMENTS:
C:\Program Files\Unity\Hub\Editor\2020.3.32f1\Editor\Unity.exe
-adb2
-batchMode
-noUpm
-name
AssetImportWorker0
-projectPath
C:/Users/Владелец/Desktop/awoipghjaihjgahwsa
-logFile
Logs/AssetImportWorker0.log
-srvPort
64635
Successfully changed project path to: C:/Users/Владелец/Desktop/awoipghjaihjgahwsa
C:/Users/Владелец/Desktop/awoipghjaihjgahwsa
Using Asset Import Pipeline V2.
Refreshing native plugins compatible for Editor in 64.46 ms, found 3 plugins.
Preloading 0 native plugins for Editor in 0.00 ms.
Initialize engine version: 2020.3.32f1 (12f8b0834f07)
[Subsystems] Discovering subsystems at path C:/Program Files/Unity/Hub/Editor/2020.3.32f1/Editor/Data/Resources/UnitySubsystems
[Subsystems] Discovering subsystems at path C:/Users/Владелец/Desktop/awoipghjaihjgahwsa/Assets
GfxDevice: creating device client; threaded=0
Direct3D:
    Version:  Direct3D 11.0 [level 11.1]
    Renderer: NVIDIA GeForce GTX 1660 (ID=0x2184)
    Vendor:   
    VRAM:     5991 MB
    Driver:   30.0.15.1215
Initialize mono
Mono path[0] = 'C:/Program Files/Unity/Hub/Editor/2020.3.32f1/Editor/Data/Managed'
Mono path[1] = 'C:/Program Files/Unity/Hub/Editor/2020.3.32f1/Editor/Data/MonoBleedingEdge/lib/mono/unityjit'
Mono config path = 'C:/Program Files/Unity/Hub/Editor/2020.3.32f1/Editor/Data/MonoBleedingEdge/etc'
Using monoOptions --debugger-agent=transport=dt_socket,embedding=1,server=y,suspend=n,address=127.0.0.1:56204
Begin MonoManager ReloadAssembly
Registering precompiled unity dll's ...
Register platform support module: C:/Program Files/Unity/Hub/Editor/2020.3.32f1/Editor/Data/PlaybackEngines/WebGLSupport/UnityEditor.WebGL.Extensions.dll
Register platform support module: C:/Program Files/Unity/Hub/Editor/2020.3.32f1/Editor/Data/PlaybackEngines/WindowsStandaloneSupport/UnityEditor.WindowsStandalone.Extensions.dll
Registered in 0.002239 seconds.
Native extension for WindowsStandalone target not found
Native extension for WebGL target not found
Refreshing native plugins compatible for Editor in 74.35 ms, found 3 plugins.
Preloading 0 native plugins for Editor in 0.00 ms.
Mono: successfully reloaded assembly
- Completed reload, in  0.814 seconds
Domain Reload Profiling:
	ReloadAssembly (815ms)
		BeginReloadAssembly (70ms)
			ExecutionOrderSort (0ms)
			DisableScriptedObjects (0ms)
			BackupInstance (0ms)
			ReleaseScriptingObjects (0ms)
			CreateAndSetChildDomain (1ms)
		EndReloadAssembly (672ms)
			LoadAssemblies (68ms)
			RebuildTransferFunctionScriptingTraits (0ms)
			SetupTypeCache (164ms)
			ReleaseScriptCaches (0ms)
			RebuildScriptCaches (38ms)
			SetupLoadedEditorAssemblies (210ms)
				LogAssemblyErrors (0ms)
				InitializePlatformSupportModulesInManaged (8ms)
				SetLoadedEditorAssemblies (1ms)
				RefreshPlugins (74ms)
				BeforeProcessingInitializeOnLoad (16ms)
				ProcessInitializeOnLoadAttributes (82ms)
				ProcessInitializeOnLoadMethodAttributes (28ms)
				AfterProcessingInitializeOnLoad (0ms)
				EditorAssembliesLoaded (0ms)
			ExecutionOrderSort2 (0ms)
			AwakeInstancesAfterBackupRestoration (0ms)
Platform modules already initialized, skipping
Registering precompiled user dll's ...
Registered in 0.004422 seconds.
Begin MonoManager ReloadAssembly
Native extension for WindowsStandalone target not found
Native extension for WebGL target not found
Refreshing native plugins compatible for Editor in 53.49 ms, found 3 plugins.
Preloading 0 native plugins for Editor in 0.00 ms.
Mono: successfully reloaded assembly
- Completed reload, in  1.230 seconds
Domain Reload Profiling:
	ReloadAssembly (1231ms)
		BeginReloadAssembly (200ms)
			ExecutionOrderSort (0ms)
			DisableScriptedObjects (6ms)
			BackupInstance (0ms)
			ReleaseScriptingObjects (0ms)
			CreateAndSetChildDomain (24ms)
		EndReloadAssembly (943ms)
			LoadAssemblies (128ms)
			RebuildTransferFunctionScriptingTraits (0ms)
			SetupTypeCache (296ms)
			ReleaseScriptCaches (0ms)
			RebuildScriptCaches (51ms)
			SetupLoadedEditorAssemblies (368ms)
				LogAssemblyErrors (0ms)
				InitializePlatformSupportModulesInManaged (5ms)
				SetLoadedEditorAssemblies (0ms)
				RefreshPlugins (54ms)
				BeforeProcessingInitializeOnLoad (70ms)
				ProcessInitializeOnLoadAttributes (207ms)
				ProcessInitializeOnLoadMethodAttributes (25ms)
				AfterProcessingInitializeOnLoad (7ms)
				EditorAssembliesLoaded (0ms)
			ExecutionOrderSort2 (0ms)
			AwakeInstancesAfterBackupRestoration (7ms)
Platform modules already initialized, skipping
========================================================================
Worker process is ready to serve import requests
Launched and connected shader compiler UnityShaderCompiler.exe after 0.05 seconds
Refreshing native plugins compatible for Editor in 0.52 ms, found 3 plugins.
Preloading 0 native plugins for Editor in 0.00 ms.
Unloading 2200 Unused Serialized files (Serialized files now loaded: 0)
System memory in use before: 97.1 MB.
System memory in use after: 97.0 MB.

Unloading 31 unused Assets to reduce memory usage. Loaded Objects now: 2631.
Total: 2.918300 ms (FindLiveObjects: 0.153200 ms CreateObjectMapping: 0.077000 ms MarkObjects: 2.557500 ms  DeleteObjects: 0.129800 ms)

AssetImportParameters requested are different than current active one (requested -> active):
  custom:framework-win-MediaFoundation: 216162199b28c13a410421893ffa2e32 -> 
  custom:video-decoder-ogg-theora: a1e56fd34408186e4bbccfd4996cb3dc -> 
  custom:container-muxer-webm: aa71ff27fc2769a1b78a27578f13a17b -> 
  custom:container-demuxer-webm: 4f35f7cbe854078d1ac9338744f61a02 -> 
  custom:container-demuxer-ogg: 62fdf1f143b41e24485cea50d1cbac27 -> 
  custom:video-encoder-webm-vp8: eb34c28f22e8b96e1ab97ce403110664 -> 
  custom:video-decoder-webm-vp8: 9c59270c3fd7afecdb556c50c9e8de78 -> 
  custom:audio-decoder-ogg-vorbis: bf7c407c2cedff20999df2af8eb42d56 -> 
  custom:audio-encoder-webm-vorbis: bf7c407c2cedff20999df2af8eb42d56 -> 
========================================================================
Received Import Request.
  path: Assets/Cumen_Animation_Walking.png
  artifactKey: Guid(291303978a851684ba26f76083eaf464) Importer(815301076,1909f56bfc062723c751e8b465ee728b)
Start importing Assets/Cumen_Animation_Walking.png using Guid(291303978a851684ba26f76083eaf464) Importer(815301076,1909f56bfc062723c751e8b465ee728b)  -> (artifact id: '27606875f7d2c4c09d128e4afaddcf03') in 0.120358 seconds 
========================================================================
Received Import Request.
  Time since last request: 6.746590 seconds.
  path: Assets/Cumen_Animation_Walking 1.png
  artifactKey: Guid(b9ec3039ec4d4e846ae967d0f6cccdb2) Importer(815301076,1909f56bfc062723c751e8b465ee728b)
Start importing Assets/Cumen_Animation_Walking 1.png using Guid(b9ec3039ec4d4e846ae967d0f6cccdb2) Importer(815301076,1909f56bfc062723c751e8b465ee728b)  -> (artifact id: '630a2ff38b4b2d45ef5aad2c3590fdf5') in 0.037648 seconds 
========================================================================
Received Import Request.
  Time since last request: 8.973430 seconds.
  path: Assets/Cumen_Animation_Walking 1.png
  artifactKey: Guid(b9ec3039ec4d4e846ae967d0f6cccdb2) Importer(815301076,1909f56bfc062723c751e8b465ee728b)
Start importing Assets/Cumen_Animation_Walking 1.png using Guid(b9ec3039ec4d4e846ae967d0f6cccdb2) Importer(815301076,1909f56bfc062723c751e8b465ee728b)  -> (artifact id: '36debc4e70790a25967daccc3067d00b') in 0.015982 seconds 
========================================================================
Received Import Request.
  Time since last request: 8.673689 seconds.
  path: Assets/Cumen_Animation_Walking 1.png
  artifactKey: Guid(b9ec3039ec4d4e846ae967d0f6cccdb2) Importer(815301076,1909f56bfc062723c751e8b465ee728b)
Start importing Assets/Cumen_Animation_Walking 1.png using Guid(b9ec3039ec4d4e846ae967d0f6cccdb2) Importer(815301076,1909f56bfc062723c751e8b465ee728b)  -> (artifact id: 'd181c38c98c114d3c790c6bcb68c472f') in 0.060900 seconds 
========================================================================
Received Import Request.
  Time since last request: 25.379407 seconds.
  path: Assets/Cumen_Animation_Walking.png
  artifactKey: Guid(291303978a851684ba26f76083eaf464) Importer(815301076,1909f56bfc062723c751e8b465ee728b)
Start importing Assets/Cumen_Animation_Walking.png using Guid(291303978a851684ba26f76083eaf464) Importer(815301076,1909f56bfc062723c751e8b465ee728b)  -> (artifact id: '6420e7d52ea577d4a5c2af0d3279e31e') in 0.015741 seconds 
========================================================================
Received Import Request.
  Time since last request: 36.230636 seconds.
  path: Assets/Cumen.png
  artifactKey: Guid(37cf88b7fda95e74eb1a8c5239fd3b99) Importer(815301076,1909f56bfc062723c751e8b465ee728b)
Start importing Assets/Cumen.png using Guid(37cf88b7fda95e74eb1a8c5239fd3b99) Importer(815301076,1909f56bfc062723c751e8b465ee728b)  -> (artifact id: '7dbd9fc983734a84f20cf2c57bb03f4c') in 0.029730 seconds 
========================================================================
Received Import Request.
  Time since last request: 17.987202 seconds.
  path: Assets/Cumen.png
  artifactKey: Guid(37cf88b7fda95e74eb1a8c5239fd3b99) Importer(815301076,1909f56bfc062723c751e8b465ee728b)
Start importing Assets/Cumen.png using Guid(37cf88b7fda95e74eb1a8c5239fd3b99) Importer(815301076,1909f56bfc062723c751e8b465ee728b)  -> (artifact id: '0f484d699614b2443a19240fa0769829') in 0.020111 seconds 
========================================================================
Received Import Request.
  Time since last request: 48.584206 seconds.
  path: Assets/Cumen.png
  artifactKey: Guid(37cf88b7fda95e74eb1a8c5239fd3b99) Importer(815301076,1909f56bfc062723c751e8b465ee728b)
Start importing Assets/Cumen.png using Guid(37cf88b7fda95e74eb1a8c5239fd3b99) Importer(815301076,1909f56bfc062723c751e8b465ee728b)  -> (artifact id: '937cce50e58fc4c67c7d039bcfe3607c') in 0.075013 seconds 
========================================================================
Received Import Request.
  Time since last request: 173.703630 seconds.
  path: Assets/Cumen_Animation_Walking 1_0.controller
  artifactKey: Guid(c313e0b9b79c6f64bafb3814808370b4) Importer(815301076,1909f56bfc062723c751e8b465ee728b)
Start importing Assets/Cumen_Animation_Walking 1_0.controller using Guid(c313e0b9b79c6f64bafb3814808370b4) Importer(815301076,1909f56bfc062723c751e8b465ee728b)  -> (artifact id: '1d80aab7ddd7f4df507512c0826bce88') in 0.013671 seconds 
========================================================================
Received Import Request.
  Time since last request: 1.052426 seconds.
  path: Assets/CumenDeathAnimation.anim
  artifactKey: Guid(b2bc9197025eefe4ebbb7698a67fe9cf) Importer(815301076,1909f56bfc062723c751e8b465ee728b)
Start importing Assets/CumenDeathAnimation.anim using Guid(b2bc9197025eefe4ebbb7698a67fe9cf) Importer(815301076,1909f56bfc062723c751e8b465ee728b)  -> (artifact id: 'ac688bee8296a5cd6a6dec475fcdce37') in 0.008584 seconds 
========================================================================
Received Prepare
Registering precompiled user dll's ...
Registered in 0.003622 seconds.
Begin MonoManager ReloadAssembly
Native extension for WindowsStandalone target not found
Native extension for WebGL target not found
Refreshing native plugins compatible for Editor in 0.46 ms, found 3 plugins.
Preloading 0 native plugins for Editor in 0.00 ms.
Mono: successfully reloaded assembly
- Completed reload, in  1.258 seconds
Domain Reload Profiling:
	ReloadAssembly (1258ms)
		BeginReloadAssembly (123ms)
			ExecutionOrderSort (0ms)
			DisableScriptedObjects (6ms)
			BackupInstance (0ms)
			ReleaseScriptingObjects (0ms)
			CreateAndSetChildDomain (37ms)
		EndReloadAssembly (1076ms)
			LoadAssemblies (104ms)
			RebuildTransferFunctionScriptingTraits (0ms)
			SetupTypeCache (479ms)
			ReleaseScriptCaches (2ms)
			RebuildScriptCaches (64ms)
			SetupLoadedEditorAssemblies (291ms)
				LogAssemblyErrors (0ms)
				InitializePlatformSupportModulesInManaged (6ms)
				SetLoadedEditorAssemblies (1ms)
				RefreshPlugins (1ms)
				BeforeProcessingInitializeOnLoad (64ms)
				ProcessInitializeOnLoadAttributes (201ms)
				ProcessInitializeOnLoadMethodAttributes (12ms)
				AfterProcessingInitializeOnLoad (8ms)
				EditorAssembliesLoaded (0ms)
			ExecutionOrderSort2 (0ms)
			AwakeInstancesAfterBackupRestoration (9ms)
Platform modules already initialized, skipping
Refreshing native plugins compatible for Editor in 0.44 ms, found 3 plugins.
Preloading 0 native plugins for Editor in 0.00 ms.
Unloading 2195 Unused Serialized files (Serialized files now loaded: 0)
System memory in use before: 100.0 MB.
System memory in use after: 100.0 MB.

Unloading 20 unused Assets to reduce memory usage. Loaded Objects now: 2664.
Total: 4.336200 ms (FindLiveObjects: 0.260400 ms CreateObjectMapping: 0.140000 ms MarkObjects: 3.817000 ms  DeleteObjects: 0.117200 ms)

AssetImportParameters requested are different than current active one (requested -> active):
  custom:framework-win-MediaFoundation: 216162199b28c13a410421893ffa2e32 -> 
  custom:video-decoder-ogg-theora: a1e56fd34408186e4bbccfd4996cb3dc -> 
  custom:container-muxer-webm: aa71ff27fc2769a1b78a27578f13a17b -> 
  custom:container-demuxer-webm: 4f35f7cbe854078d1ac9338744f61a02 -> 
  custom:container-demuxer-ogg: 62fdf1f143b41e24485cea50d1cbac27 -> 
  custom:video-encoder-webm-vp8: eb34c28f22e8b96e1ab97ce403110664 -> 
  custom:video-decoder-webm-vp8: 9c59270c3fd7afecdb556c50c9e8de78 -> 
  custom:audio-decoder-ogg-vorbis: bf7c407c2cedff20999df2af8eb42d56 -> 
  custom:audio-encoder-webm-vorbis: bf7c407c2cedff20999df2af8eb42d56 -> 
========================================================================
Received Prepare
Registering precompiled user dll's ...
Registered in 0.003643 seconds.
Begin MonoManager ReloadAssembly
Native extension for WindowsStandalone target not found
Native extension for WebGL target not found
Refreshing native plugins compatible for Editor in 0.68 ms, found 3 plugins.
Preloading 0 native plugins for Editor in 0.00 ms.
Mono: successfully reloaded assembly
- Completed reload, in  1.248 seconds
Domain Reload Profiling:
	ReloadAssembly (1249ms)
		BeginReloadAssembly (120ms)
			ExecutionOrderSort (0ms)
			DisableScriptedObjects (6ms)
			BackupInstance (0ms)
			ReleaseScriptingObjects (0ms)
			CreateAndSetChildDomain (35ms)
		EndReloadAssembly (1068ms)
			LoadAssemblies (107ms)
			RebuildTransferFunctionScriptingTraits (0ms)
			SetupTypeCache (506ms)
			ReleaseScriptCaches (1ms)
			RebuildScriptCaches (67ms)
			SetupLoadedEditorAssemblies (290ms)
				LogAssemblyErrors (0ms)
				InitializePlatformSupportModulesInManaged (6ms)
				SetLoadedEditorAssemblies (1ms)
				RefreshPlugins (1ms)
				BeforeProcessingInitializeOnLoad (64ms)
				ProcessInitializeOnLoadAttributes (202ms)
				ProcessInitializeOnLoadMethodAttributes (12ms)
				AfterProcessingInitializeOnLoad (6ms)
				EditorAssembliesLoaded (0ms)
			ExecutionOrderSort2 (0ms)
			AwakeInstancesAfterBackupRestoration (9ms)
Platform modules already initialized, skipping
Refreshing native plugins compatible for Editor in 0.47 ms, found 3 plugins.
Preloading 0 native plugins for Editor in 0.00 ms.
Unloading 2195 Unused Serialized files (Serialized files now loaded: 0)
System memory in use before: 100.1 MB.
System memory in use after: 100.0 MB.

Unloading 20 unused Assets to reduce memory usage. Loaded Objects now: 2667.
Total: 3.234300 ms (FindLiveObjects: 0.190200 ms CreateObjectMapping: 0.122600 ms MarkObjects: 2.797000 ms  DeleteObjects: 0.123500 ms)

AssetImportParameters requested are different than current active one (requested -> active):
  custom:framework-win-MediaFoundation: 216162199b28c13a410421893ffa2e32 -> 
  custom:video-decoder-ogg-theora: a1e56fd34408186e4bbccfd4996cb3dc -> 
  custom:container-muxer-webm: aa71ff27fc2769a1b78a27578f13a17b -> 
  custom:container-demuxer-webm: 4f35f7cbe854078d1ac9338744f61a02 -> 
  custom:container-demuxer-ogg: 62fdf1f143b41e24485cea50d1cbac27 -> 
  custom:video-encoder-webm-vp8: eb34c28f22e8b96e1ab97ce403110664 -> 
  custom:video-decoder-webm-vp8: 9c59270c3fd7afecdb556c50c9e8de78 -> 
  custom:audio-decoder-ogg-vorbis: bf7c407c2cedff20999df2af8eb42d56 -> 
  custom:audio-encoder-webm-vorbis: bf7c407c2cedff20999df2af8eb42d56 -> 
========================================================================
Received Prepare
Registering precompiled user dll's ...
Registered in 0.003806 seconds.
Begin MonoManager ReloadAssembly
Native extension for WindowsStandalone target not found
Native extension for WebGL target not found
Refreshing native plugins compatible for Editor in 0.48 ms, found 3 plugins.
Preloading 0 native plugins for Editor in 0.00 ms.
Mono: successfully reloaded assembly
- Completed reload, in  1.223 seconds
Domain Reload Profiling:
	ReloadAssembly (1224ms)
		BeginReloadAssembly (115ms)
			ExecutionOrderSort (0ms)
			DisableScriptedObjects (6ms)
			BackupInstance (0ms)
			ReleaseScriptingObjects (0ms)
			CreateAndSetChildDomain (32ms)
		EndReloadAssembly (1048ms)
			LoadAssemblies (105ms)
			RebuildTransferFunctionScriptingTraits (0ms)
			SetupTypeCache (519ms)
			ReleaseScriptCaches (1ms)
			RebuildScriptCaches (44ms)
			SetupLoadedEditorAssemblies (287ms)
				LogAssemblyErrors (0ms)
				InitializePlatformSupportModulesInManaged (6ms)
				SetLoadedEditorAssemblies (0ms)
				RefreshPlugins (1ms)
				BeforeProcessingInitializeOnLoad (62ms)
				ProcessInitializeOnLoadAttributes (202ms)
				ProcessInitializeOnLoadMethodAttributes (11ms)
				AfterProcessingInitializeOnLoad (6ms)
				EditorAssembliesLoaded (0ms)
			ExecutionOrderSort2 (0ms)
			AwakeInstancesAfterBackupRestoration (10ms)
Platform modules already initialized, skipping
Refreshing native plugins compatible for Editor in 0.99 ms, found 3 plugins.
Preloading 0 native plugins for Editor in 0.00 ms.
Unloading 2195 Unused Serialized files (Serialized files now loaded: 0)
System memory in use before: 100.1 MB.
System memory in use after: 100.1 MB.

Unloading 20 unused Assets to reduce memory usage. Loaded Objects now: 2670.
Total: 3.618700 ms (FindLiveObjects: 0.221700 ms CreateObjectMapping: 0.100900 ms MarkObjects: 3.181900 ms  DeleteObjects: 0.113400 ms)

AssetImportParameters requested are different than current active one (requested -> active):
  custom:framework-win-MediaFoundation: 216162199b28c13a410421893ffa2e32 -> 
  custom:video-decoder-ogg-theora: a1e56fd34408186e4bbccfd4996cb3dc -> 
  custom:container-muxer-webm: aa71ff27fc2769a1b78a27578f13a17b -> 
  custom:container-demuxer-webm: 4f35f7cbe854078d1ac9338744f61a02 -> 
  custom:container-demuxer-ogg: 62fdf1f143b41e24485cea50d1cbac27 -> 
  custom:video-encoder-webm-vp8: eb34c28f22e8b96e1ab97ce403110664 -> 
  custom:video-decoder-webm-vp8: 9c59270c3fd7afecdb556c50c9e8de78 -> 
  custom:audio-decoder-ogg-vorbis: bf7c407c2cedff20999df2af8eb42d56 -> 
  custom:audio-encoder-webm-vorbis: bf7c407c2cedff20999df2af8eb42d56 -> 
========================================================================
Received Prepare
Registering precompiled user dll's ...
Registered in 0.004075 seconds.
Begin MonoManager ReloadAssembly
Native extension for WindowsStandalone target not found
Native extension for WebGL target not found
Refreshing native plugins compatible for Editor in 0.43 ms, found 3 plugins.
Preloading 0 native plugins for Editor in 0.00 ms.
Mono: successfully reloaded assembly
- Completed reload, in  1.283 seconds
Domain Reload Profiling:
	ReloadAssembly (1284ms)
		BeginReloadAssembly (131ms)
			ExecutionOrderSort (0ms)
			DisableScriptedObjects (6ms)
			BackupInstance (0ms)
			ReleaseScriptingObjects (0ms)
			CreateAndSetChildDomain (37ms)
		EndReloadAssembly (1078ms)
			LoadAssemblies (122ms)
			RebuildTransferFunctionScriptingTraits (0ms)
			SetupTypeCache (529ms)
			ReleaseScriptCaches (1ms)
			RebuildScriptCaches (41ms)
			SetupLoadedEditorAssemblies (298ms)
				LogAssemblyErrors (0ms)
				InitializePlatformSupportModulesInManaged (6ms)
				SetLoadedEditorAssemblies (0ms)
				RefreshPlugins (0ms)
				BeforeProcessingInitializeOnLoad (66ms)
				ProcessInitializeOnLoadAttributes (208ms)
				ProcessInitializeOnLoadMethodAttributes (11ms)
				AfterProcessingInitializeOnLoad (6ms)
				EditorAssembliesLoaded (0ms)
			ExecutionOrderSort2 (0ms)
			AwakeInstancesAfterBackupRestoration (9ms)
Platform modules already initialized, skipping
Refreshing native plugins compatible for Editor in 0.45 ms, found 3 plugins.
Preloading 0 native plugins for Editor in 0.00 ms.
Unloading 2195 Unused Serialized files (Serialized files now loaded: 0)
System memory in use before: 100.1 MB.
System memory in use after: 100.1 MB.

Unloading 20 unused Assets to reduce memory usage. Loaded Objects now: 2673.
Total: 3.273300 ms (FindLiveObjects: 0.190700 ms CreateObjectMapping: 0.106200 ms MarkObjects: 2.867000 ms  DeleteObjects: 0.108600 ms)

AssetImportParameters requested are different than current active one (requested -> active):
  custom:framework-win-MediaFoundation: 216162199b28c13a410421893ffa2e32 -> 
  custom:video-decoder-ogg-theora: a1e56fd34408186e4bbccfd4996cb3dc -> 
  custom:container-muxer-webm: aa71ff27fc2769a1b78a27578f13a17b -> 
  custom:container-demuxer-webm: 4f35f7cbe854078d1ac9338744f61a02 -> 
  custom:container-demuxer-ogg: 62fdf1f143b41e24485cea50d1cbac27 -> 
  custom:video-encoder-webm-vp8: eb34c28f22e8b96e1ab97ce403110664 -> 
  custom:video-decoder-webm-vp8: 9c59270c3fd7afecdb556c50c9e8de78 -> 
  custom:audio-decoder-ogg-vorbis: bf7c407c2cedff20999df2af8eb42d56 -> 
  custom:audio-encoder-webm-vorbis: bf7c407c2cedff20999df2af8eb42d56 -> 
========================================================================
Received Import Request.
  Time since last request: 103.069999 seconds.
  path: Assets/Cumen.png
  artifactKey: Guid(37cf88b7fda95e74eb1a8c5239fd3b99) Importer(815301076,1909f56bfc062723c751e8b465ee728b)
Start importing Assets/Cumen.png using Guid(37cf88b7fda95e74eb1a8c5239fd3b99) Importer(815301076,1909f56bfc062723c751e8b465ee728b)  -> (artifact id: '60119a1298891dacd31e5732a662c0f6') in 0.250655 seconds 
========================================================================
Received Import Request.
  Time since last request: 23.213508 seconds.
  path: Assets/Cumen.png
  artifactKey: Guid(37cf88b7fda95e74eb1a8c5239fd3b99) Importer(815301076,1909f56bfc062723c751e8b465ee728b)
Start importing Assets/Cumen.png using Guid(37cf88b7fda95e74eb1a8c5239fd3b99) Importer(815301076,1909f56bfc062723c751e8b465ee728b)  -> (artifact id: '9d25cfa829ee5543c2b26f8b0e971ea6') in 0.065969 seconds 
========================================================================
Received Prepare
Registering precompiled user dll's ...
Registered in 0.003715 seconds.
Begin MonoManager ReloadAssembly
Native extension for WindowsStandalone target not found
Native extension for WebGL target not found
Refreshing native plugins compatible for Editor in 0.47 ms, found 3 plugins.
Preloading 0 native plugins for Editor in 0.00 ms.
Mono: successfully reloaded assembly
- Completed reload, in  1.014 seconds
Domain Reload Profiling:
	ReloadAssembly (1015ms)
		BeginReloadAssembly (125ms)
			ExecutionOrderSort (0ms)
			DisableScriptedObjects (6ms)
			BackupInstance (0ms)
			ReleaseScriptingObjects (0ms)
			CreateAndSetChildDomain (34ms)
		EndReloadAssembly (825ms)
			LoadAssemblies (111ms)
			RebuildTransferFunctionScriptingTraits (0ms)
			SetupTypeCache (291ms)
			ReleaseScriptCaches (1ms)
			RebuildScriptCaches (45ms)
			SetupLoadedEditorAssemblies (292ms)
				LogAssemblyErrors (0ms)
				InitializePlatformSupportModulesInManaged (5ms)
				SetLoadedEditorAssemblies (0ms)
				RefreshPlugins (1ms)
				BeforeProcessingInitializeOnLoad (64ms)
				ProcessInitializeOnLoadAttributes (205ms)
				ProcessInitializeOnLoadMethodAttributes (10ms)
				AfterProcessingInitializeOnLoad (7ms)
				EditorAssembliesLoaded (0ms)
			ExecutionOrderSort2 (0ms)
			AwakeInstancesAfterBackupRestoration (9ms)
Platform modules already initialized, skipping
Refreshing native plugins compatible for Editor in 0.47 ms, found 3 plugins.
Preloading 0 native plugins for Editor in 0.00 ms.
Unloading 2195 Unused Serialized files (Serialized files now loaded: 0)
System memory in use before: 100.1 MB.
System memory in use after: 100.1 MB.

Unloading 20 unused Assets to reduce memory usage. Loaded Objects now: 2683.
Total: 3.000900 ms (FindLiveObjects: 0.162500 ms CreateObjectMapping: 0.116000 ms MarkObjects: 2.610600 ms  DeleteObjects: 0.111000 ms)

AssetImportParameters requested are different than current active one (requested -> active):
  custom:framework-win-MediaFoundation: 216162199b28c13a410421893ffa2e32 -> 
  custom:video-decoder-ogg-theora: a1e56fd34408186e4bbccfd4996cb3dc -> 
  custom:container-muxer-webm: aa71ff27fc2769a1b78a27578f13a17b -> 
  custom:container-demuxer-webm: 4f35f7cbe854078d1ac9338744f61a02 -> 
  custom:container-demuxer-ogg: 62fdf1f143b41e24485cea50d1cbac27 -> 
  custom:video-encoder-webm-vp8: eb34c28f22e8b96e1ab97ce403110664 -> 
  custom:video-decoder-webm-vp8: 9c59270c3fd7afecdb556c50c9e8de78 -> 
  custom:audio-decoder-ogg-vorbis: bf7c407c2cedff20999df2af8eb42d56 -> 
  custom:audio-encoder-webm-vorbis: bf7c407c2cedff20999df2af8eb42d56 -> 
========================================================================
Received Import Request.
  Time since last request: 46.633853 seconds.
  path: Assets/Cumen.png
  artifactKey: Guid(37cf88b7fda95e74eb1a8c5239fd3b99) Importer(815301076,1909f56bfc062723c751e8b465ee728b)
Start importing Assets/Cumen.png using Guid(37cf88b7fda95e74eb1a8c5239fd3b99) Importer(815301076,1909f56bfc062723c751e8b465ee728b)  -> (artifact id: '81ac55babcfe8eba03ed708e6abb2ff2') in 0.098055 seconds 
========================================================================
Received Import Request.
  Time since last request: 9.212842 seconds.
  path: Assets/Cumen.png
  artifactKey: Guid(37cf88b7fda95e74eb1a8c5239fd3b99) Importer(815301076,1909f56bfc062723c751e8b465ee728b)
Start importing Assets/Cumen.png using Guid(37cf88b7fda95e74eb1a8c5239fd3b99) Importer(815301076,1909f56bfc062723c751e8b465ee728b)  -> (artifact id: 'b155cc6342746269a12cec52a7533579') in 0.057652 seconds 
========================================================================
Received Import Request.
  Time since last request: 13.021754 seconds.
  path: Assets/Cumen.png
  artifactKey: Guid(37cf88b7fda95e74eb1a8c5239fd3b99) Importer(815301076,1909f56bfc062723c751e8b465ee728b)
Start importing Assets/Cumen.png using Guid(37cf88b7fda95e74eb1a8c5239fd3b99) Importer(815301076,1909f56bfc062723c751e8b465ee728b)  -> (artifact id: '0a58aec5e58d6f1f1825fc53db6969a1') in 0.059363 seconds 
========================================================================
Received Import Request.
  Time since last request: 51.441334 seconds.
  path: Assets/Cumen.png
  artifactKey: Guid(37cf88b7fda95e74eb1a8c5239fd3b99) Importer(815301076,1909f56bfc062723c751e8b465ee728b)
Start importing Assets/Cumen.png using Guid(37cf88b7fda95e74eb1a8c5239fd3b99) Importer(815301076,1909f56bfc062723c751e8b465ee728b)  -> (artifact id: '4fb2baf75234cc75650c33893fea9a46') in 0.064203 seconds 
========================================================================
Received Import Request.
  Time since last request: 67.400375 seconds.
  path: Assets/Cumen_Animation_Walking.png
  artifactKey: Guid(291303978a851684ba26f76083eaf464) Importer(815301076,1909f56bfc062723c751e8b465ee728b)
Start importing Assets/Cumen_Animation_Walking.png using Guid(291303978a851684ba26f76083eaf464) Importer(815301076,1909f56bfc062723c751e8b465ee728b)  -> (artifact id: 'c53d0cc963f7576fca395f2581d78eed') in 0.052353 seconds 
========================================================================
Received Prepare
Registering precompiled user dll's ...
Registered in 0.003656 seconds.
Begin MonoManager ReloadAssembly
Native extension for WindowsStandalone target not found
Native extension for WebGL target not found
Refreshing native plugins compatible for Editor in 0.49 ms, found 3 plugins.
Preloading 0 native plugins for Editor in 0.00 ms.
Mono: successfully reloaded assembly
- Completed reload, in  1.243 seconds
Domain Reload Profiling:
	ReloadAssembly (1243ms)
		BeginReloadAssembly (119ms)
			ExecutionOrderSort (0ms)
			DisableScriptedObjects (6ms)
			BackupInstance (0ms)
			ReleaseScriptingObjects (0ms)
			CreateAndSetChildDomain (35ms)
		EndReloadAssembly (1062ms)
			LoadAssemblies (105ms)
			RebuildTransferFunctionScriptingTraits (0ms)
			SetupTypeCache (480ms)
			ReleaseScriptCaches (1ms)
			RebuildScriptCaches (67ms)
			SetupLoadedEditorAssemblies (303ms)
				LogAssemblyErrors (0ms)
				InitializePlatformSupportModulesInManaged (6ms)
				SetLoadedEditorAssemblies (1ms)
				RefreshPlugins (1ms)
				BeforeProcessingInitializeOnLoad (72ms)
				ProcessInitializeOnLoadAttributes (206ms)
				ProcessInitializeOnLoadMethodAttributes (12ms)
				AfterProcessingInitializeOnLoad (6ms)
				EditorAssembliesLoaded (0ms)
			ExecutionOrderSort2 (0ms)
			AwakeInstancesAfterBackupRestoration (9ms)
Platform modules already initialized, skipping
Refreshing native plugins compatible for Editor in 0.47 ms, found 3 plugins.
Preloading 0 native plugins for Editor in 0.00 ms.
Unloading 2195 Unused Serialized files (Serialized files now loaded: 0)
System memory in use before: 100.2 MB.
System memory in use after: 100.1 MB.

Unloading 20 unused Assets to reduce memory usage. Loaded Objects now: 2695.
Total: 5.715900 ms (FindLiveObjects: 0.155100 ms CreateObjectMapping: 0.081300 ms MarkObjects: 5.339500 ms  DeleteObjects: 0.139000 ms)

AssetImportParameters requested are different than current active one (requested -> active):
  custom:framework-win-MediaFoundation: 216162199b28c13a410421893ffa2e32 -> 
  custom:video-decoder-ogg-theora: a1e56fd34408186e4bbccfd4996cb3dc -> 
  custom:container-muxer-webm: aa71ff27fc2769a1b78a27578f13a17b -> 
  custom:container-demuxer-webm: 4f35f7cbe854078d1ac9338744f61a02 -> 
  custom:container-demuxer-ogg: 62fdf1f143b41e24485cea50d1cbac27 -> 
  custom:video-encoder-webm-vp8: eb34c28f22e8b96e1ab97ce403110664 -> 
  custom:video-decoder-webm-vp8: 9c59270c3fd7afecdb556c50c9e8de78 -> 
  custom:audio-decoder-ogg-vorbis: bf7c407c2cedff20999df2af8eb42d56 -> 
  custom:audio-encoder-webm-vorbis: bf7c407c2cedff20999df2af8eb42d56 -> 
========================================================================
Received Prepare
Registering precompiled user dll's ...
Registered in 0.004762 seconds.
Begin MonoManager ReloadAssembly
Native extension for WindowsStandalone target not found
Native extension for WebGL target not found
Refreshing native plugins compatible for Editor in 0.47 ms, found 3 plugins.
Preloading 0 native plugins for Editor in 0.00 ms.
Mono: successfully reloaded assembly
- Completed reload, in  1.168 seconds
Domain Reload Profiling:
	ReloadAssembly (1169ms)
		BeginReloadAssembly (117ms)
			ExecutionOrderSort (0ms)
			DisableScriptedObjects (6ms)
			BackupInstance (0ms)
			ReleaseScriptingObjects (0ms)
			CreateAndSetChildDomain (32ms)
		EndReloadAssembly (989ms)
			LoadAssemblies (108ms)
			RebuildTransferFunctionScriptingTraits (0ms)
			SetupTypeCache (436ms)
			ReleaseScriptCaches (1ms)
			RebuildScriptCaches (43ms)
			SetupLoadedEditorAssemblies (302ms)
				LogAssemblyErrors (0ms)
				InitializePlatformSupportModulesInManaged (7ms)
				SetLoadedEditorAssemblies (0ms)
				RefreshPlugins (1ms)
				BeforeProcessingInitializeOnLoad (66ms)
				ProcessInitializeOnLoadAttributes (211ms)
				ProcessInitializeOnLoadMethodAttributes (10ms)
				AfterProcessingInitializeOnLoad (6ms)
				EditorAssembliesLoaded (0ms)
			ExecutionOrderSort2 (0ms)
			AwakeInstancesAfterBackupRestoration (9ms)
Platform modules already initialized, skipping
Refreshing native plugins compatible for Editor in 0.51 ms, found 3 plugins.
Preloading 0 native plugins for Editor in 0.00 ms.
Unloading 2195 Unused Serialized files (Serialized files now loaded: 0)
System memory in use before: 100.2 MB.
System memory in use after: 100.1 MB.

Unloading 20 unused Assets to reduce memory usage. Loaded Objects now: 2698.
Total: 2.662200 ms (FindLiveObjects: 0.150500 ms CreateObjectMapping: 0.078400 ms MarkObjects: 2.326600 ms  DeleteObjects: 0.106000 ms)

AssetImportParameters requested are different than current active one (requested -> active):
  custom:framework-win-MediaFoundation: 216162199b28c13a410421893ffa2e32 -> 
  custom:video-decoder-ogg-theora: a1e56fd34408186e4bbccfd4996cb3dc -> 
  custom:container-muxer-webm: aa71ff27fc2769a1b78a27578f13a17b -> 
  custom:container-demuxer-webm: 4f35f7cbe854078d1ac9338744f61a02 -> 
  custom:container-demuxer-ogg: 62fdf1f143b41e24485cea50d1cbac27 -> 
  custom:video-encoder-webm-vp8: eb34c28f22e8b96e1ab97ce403110664 -> 
  custom:video-decoder-webm-vp8: 9c59270c3fd7afecdb556c50c9e8de78 -> 
  custom:audio-decoder-ogg-vorbis: bf7c407c2cedff20999df2af8eb42d56 -> 
  custom:audio-encoder-webm-vorbis: bf7c407c2cedff20999df2af8eb42d56 -> 
========================================================================
Received Import Request.
  Time since last request: 1909.364008 seconds.
  path: Assets/CUMENWALKANIMATION2_0.png
  artifactKey: Guid(100384a2709529b49b8a17af44db23a3) Importer(815301076,1909f56bfc062723c751e8b465ee728b)
Start importing Assets/CUMENWALKANIMATION2_0.png using Guid(100384a2709529b49b8a17af44db23a3) Importer(815301076,1909f56bfc062723c751e8b465ee728b)  -> (artifact id: '05e137c4806e280e95f2b26b07f55768') in 0.168123 seconds 
========================================================================
Received Import Request.
  Time since last request: 18.473007 seconds.
  path: Assets/CUMENWALKANIMATION2_0.png
  artifactKey: Guid(100384a2709529b49b8a17af44db23a3) Importer(815301076,1909f56bfc062723c751e8b465ee728b)
Start importing Assets/CUMENWALKANIMATION2_0.png using Guid(100384a2709529b49b8a17af44db23a3) Importer(815301076,1909f56bfc062723c751e8b465ee728b)  -> (artifact id: '260b24bb41add59314a6bd61787ce83e') in 0.016039 seconds 
========================================================================
Received Import Request.
  Time since last request: 13.570468 seconds.
  path: Assets/CUMENWALKANIMATION2_0.png
  artifactKey: Guid(100384a2709529b49b8a17af44db23a3) Importer(815301076,1909f56bfc062723c751e8b465ee728b)
Start importing Assets/CUMENWALKANIMATION2_0.png using Guid(100384a2709529b49b8a17af44db23a3) Importer(815301076,1909f56bfc062723c751e8b465ee728b)  -> (artifact id: 'b0b6f3493e15199c531ebffdc49bf11b') in 0.057578 seconds 
========================================================================
Received Import Request.
  Time since last request: 3.857156 seconds.
  path: Assets/CumenWalkingAnimation.anim
  artifactKey: Guid(483fa579fc5c1fc40b86f4d459935591) Importer(815301076,1909f56bfc062723c751e8b465ee728b)
Start importing Assets/CumenWalkingAnimation.anim using Guid(483fa579fc5c1fc40b86f4d459935591) Importer(815301076,1909f56bfc062723c751e8b465ee728b)  -> (artifact id: 'f3a2e35389594affd7ebd188f7fd0100') in 0.007700 seconds 
========================================================================
Received Prepare
Registering precompiled user dll's ...
Registered in 0.003909 seconds.
Begin MonoManager ReloadAssembly
Native extension for WindowsStandalone target not found
Native extension for WebGL target not found
Refreshing native plugins compatible for Editor in 0.87 ms, found 3 plugins.
Preloading 0 native plugins for Editor in 0.00 ms.
Mono: successfully reloaded assembly
- Completed reload, in  1.237 seconds
Domain Reload Profiling:
	ReloadAssembly (1238ms)
		BeginReloadAssembly (129ms)
			ExecutionOrderSort (0ms)
			DisableScriptedObjects (6ms)
			BackupInstance (0ms)
			ReleaseScriptingObjects (0ms)
			CreateAndSetChildDomain (33ms)
		EndReloadAssembly (1045ms)
			LoadAssemblies (113ms)
			RebuildTransferFunctionScriptingTraits (0ms)
			SetupTypeCache (512ms)
			ReleaseScriptCaches (1ms)
			RebuildScriptCaches (45ms)
			SetupLoadedEditorAssemblies (290ms)
				LogAssemblyErrors (0ms)
				InitializePlatformSupportModulesInManaged (5ms)
				SetLoadedEditorAssemblies (0ms)
				RefreshPlugins (1ms)
				BeforeProcessingInitializeOnLoad (65ms)
				ProcessInitializeOnLoadAttributes (200ms)
				ProcessInitializeOnLoadMethodAttributes (11ms)
				AfterProcessingInitializeOnLoad (6ms)
				EditorAssembliesLoaded (0ms)
			ExecutionOrderSort2 (0ms)
			AwakeInstancesAfterBackupRestoration (10ms)
Platform modules already initialized, skipping
Refreshing native plugins compatible for Editor in 0.51 ms, found 3 plugins.
Preloading 0 native plugins for Editor in 0.00 ms.
Unloading 2195 Unused Serialized files (Serialized files now loaded: 0)
System memory in use before: 100.2 MB.
System memory in use after: 100.1 MB.

Unloading 20 unused Assets to reduce memory usage. Loaded Objects now: 2702.
Total: 2.807800 ms (FindLiveObjects: 0.164900 ms CreateObjectMapping: 0.130500 ms MarkObjects: 2.404200 ms  DeleteObjects: 0.107400 ms)

AssetImportParameters requested are different than current active one (requested -> active):
  custom:framework-win-MediaFoundation: 216162199b28c13a410421893ffa2e32 -> 
  custom:video-decoder-ogg-theora: a1e56fd34408186e4bbccfd4996cb3dc -> 
  custom:container-muxer-webm: aa71ff27fc2769a1b78a27578f13a17b -> 
  custom:container-demuxer-webm: 4f35f7cbe854078d1ac9338744f61a02 -> 
  custom:container-demuxer-ogg: 62fdf1f143b41e24485cea50d1cbac27 -> 
  custom:video-encoder-webm-vp8: eb34c28f22e8b96e1ab97ce403110664 -> 
  custom:video-decoder-webm-vp8: 9c59270c3fd7afecdb556c50c9e8de78 -> 
  custom:audio-decoder-ogg-vorbis: bf7c407c2cedff20999df2af8eb42d56 -> 
  custom:audio-encoder-webm-vorbis: bf7c407c2cedff20999df2af8eb42d56 -> 
========================================================================
Received Prepare
Registering precompiled user dll's ...
Registered in 0.004271 seconds.
Begin MonoManager ReloadAssembly
Native extension for WindowsStandalone target not found
Native extension for WebGL target not found
Refreshing native plugins compatible for Editor in 0.46 ms, found 3 plugins.
Preloading 0 native plugins for Editor in 0.00 ms.
Mono: successfully reloaded assembly
- Completed reload, in  1.164 seconds
Domain Reload Profiling:
	ReloadAssembly (1164ms)
		BeginReloadAssembly (127ms)
			ExecutionOrderSort (0ms)
			DisableScriptedObjects (7ms)
			BackupInstance (0ms)
			ReleaseScriptingObjects (0ms)
			CreateAndSetChildDomain (34ms)
		EndReloadAssembly (958ms)
			LoadAssemblies (114ms)
			RebuildTransferFunctionScriptingTraits (0ms)
			SetupTypeCache (380ms)
			ReleaseScriptCaches (1ms)
			RebuildScriptCaches (42ms)
			SetupLoadedEditorAssemblies (331ms)
				LogAssemblyErrors (0ms)
				InitializePlatformSupportModulesInManaged (5ms)
				SetLoadedEditorAssemblies (0ms)
				RefreshPlugins (1ms)
				BeforeProcessingInitializeOnLoad (72ms)
				ProcessInitializeOnLoadAttributes (228ms)
				ProcessInitializeOnLoadMethodAttributes (18ms)
				AfterProcessingInitializeOnLoad (8ms)
				EditorAssembliesLoaded (0ms)
			ExecutionOrderSort2 (0ms)
			AwakeInstancesAfterBackupRestoration (9ms)
Platform modules already initialized, skipping
Refreshing native plugins compatible for Editor in 0.49 ms, found 3 plugins.
Preloading 0 native plugins for Editor in 0.00 ms.
Unloading 2195 Unused Serialized files (Serialized files now loaded: 0)
System memory in use before: 100.2 MB.
System memory in use after: 100.2 MB.

Unloading 20 unused Assets to reduce memory usage. Loaded Objects now: 2705.
Total: 3.508300 ms (FindLiveObjects: 0.180100 ms CreateObjectMapping: 0.114100 ms MarkObjects: 3.095400 ms  DeleteObjects: 0.117600 ms)

AssetImportParameters requested are different than current active one (requested -> active):
  custom:framework-win-MediaFoundation: 216162199b28c13a410421893ffa2e32 -> 
  custom:video-decoder-ogg-theora: a1e56fd34408186e4bbccfd4996cb3dc -> 
  custom:container-muxer-webm: aa71ff27fc2769a1b78a27578f13a17b -> 
  custom:container-demuxer-webm: 4f35f7cbe854078d1ac9338744f61a02 -> 
  custom:container-demuxer-ogg: 62fdf1f143b41e24485cea50d1cbac27 -> 
  custom:video-encoder-webm-vp8: eb34c28f22e8b96e1ab97ce403110664 -> 
  custom:video-decoder-webm-vp8: 9c59270c3fd7afecdb556c50c9e8de78 -> 
  custom:audio-decoder-ogg-vorbis: bf7c407c2cedff20999df2af8eb42d56 -> 
  custom:audio-encoder-webm-vorbis: bf7c407c2cedff20999df2af8eb42d56 -> 
========================================================================
Received Import Request.
  Time since last request: 210.026241 seconds.
  path: Assets/CUMEN30.png
  artifactKey: Guid(2a15c2a0742b1024da059af9079a6cbb) Importer(815301076,1909f56bfc062723c751e8b465ee728b)
Start importing Assets/CUMEN30.png using Guid(2a15c2a0742b1024da059af9079a6cbb) Importer(815301076,1909f56bfc062723c751e8b465ee728b)  -> (artifact id: '636690f6ef8e35c69d58e7a9d2a75d4e') in 0.067327 seconds 
========================================================================
Received Import Request.
  Time since last request: 13.589882 seconds.
  path: Assets/CUMEN20.png
  artifactKey: Guid(9d2a3edd50a56474caf20aeb117bef84) Importer(815301076,1909f56bfc062723c751e8b465ee728b)
Start importing Assets/CUMEN20.png using Guid(9d2a3edd50a56474caf20aeb117bef84) Importer(815301076,1909f56bfc062723c751e8b465ee728b)  -> (artifact id: '05a6c4246cac2f750a7a5063acbbc551') in 0.023295 seconds 
========================================================================
Received Import Request.
  Time since last request: 11.195624 seconds.
  path: Assets/CUMEN30.png
  artifactKey: Guid(2a15c2a0742b1024da059af9079a6cbb) Importer(815301076,1909f56bfc062723c751e8b465ee728b)
Start importing Assets/CUMEN30.png using Guid(2a15c2a0742b1024da059af9079a6cbb) Importer(815301076,1909f56bfc062723c751e8b465ee728b)  -> (artifact id: '7acc0381fcd198734b54484e89744448') in 0.016227 seconds 
========================================================================
Received Import Request.
  Time since last request: 30.800618 seconds.
  path: Assets/CUMEN30.png
  artifactKey: Guid(2a15c2a0742b1024da059af9079a6cbb) Importer(815301076,1909f56bfc062723c751e8b465ee728b)
Start importing Assets/CUMEN30.png using Guid(2a15c2a0742b1024da059af9079a6cbb) Importer(815301076,1909f56bfc062723c751e8b465ee728b)  -> (artifact id: '2ea7f7194a686ecc95a6ab8b6039ff6f') in 0.088069 seconds 
========================================================================
Received Import Request.
  Time since last request: 96.165075 seconds.
  path: Assets/CUMEN30.png
  artifactKey: Guid(2a15c2a0742b1024da059af9079a6cbb) Importer(815301076,1909f56bfc062723c751e8b465ee728b)
Start importing Assets/CUMEN30.png using Guid(2a15c2a0742b1024da059af9079a6cbb) Importer(815301076,1909f56bfc062723c751e8b465ee728b)  -> (artifact id: '8eafbb7243f68f8c3cd959dcf0d77434') in 0.021090 seconds 
========================================================================
Received Prepare
Registering precompiled user dll's ...
Registered in 0.003891 seconds.
Begin MonoManager ReloadAssembly
Native extension for WindowsStandalone target not found
Native extension for WebGL target not found
Refreshing native plugins compatible for Editor in 0.46 ms, found 3 plugins.
Preloading 0 native plugins for Editor in 0.00 ms.
Mono: successfully reloaded assembly
- Completed reload, in  1.168 seconds
Domain Reload Profiling:
	ReloadAssembly (1168ms)
		BeginReloadAssembly (114ms)
			ExecutionOrderSort (0ms)
			DisableScriptedObjects (6ms)
			BackupInstance (0ms)
			ReleaseScriptingObjects (0ms)
			CreateAndSetChildDomain (31ms)
		EndReloadAssembly (986ms)
			LoadAssemblies (151ms)
			RebuildTransferFunctionScriptingTraits (0ms)
			SetupTypeCache (400ms)
			ReleaseScriptCaches (1ms)
			RebuildScriptCaches (48ms)
			SetupLoadedEditorAssemblies (290ms)
				LogAssemblyErrors (0ms)
				InitializePlatformSupportModulesInManaged (5ms)
				SetLoadedEditorAssemblies (1ms)
				RefreshPlugins (1ms)
				BeforeProcessingInitializeOnLoad (65ms)
				ProcessInitializeOnLoadAttributes (202ms)
				ProcessInitializeOnLoadMethodAttributes (11ms)
				AfterProcessingInitializeOnLoad (5ms)
				EditorAssembliesLoaded (0ms)
			ExecutionOrderSort2 (0ms)
			AwakeInstancesAfterBackupRestoration (10ms)
Platform modules already initialized, skipping
Refreshing native plugins compatible for Editor in 0.51 ms, found 3 plugins.
Preloading 0 native plugins for Editor in 0.00 ms.
Unloading 2195 Unused Serialized files (Serialized files now loaded: 0)
System memory in use before: 100.3 MB.
System memory in use after: 100.4 MB.

Unloading 20 unused Assets to reduce memory usage. Loaded Objects now: 2715.
Total: 3.506900 ms (FindLiveObjects: 0.300000 ms CreateObjectMapping: 0.132900 ms MarkObjects: 2.938900 ms  DeleteObjects: 0.134100 ms)

AssetImportParameters requested are different than current active one (requested -> active):
  custom:framework-win-MediaFoundation: 216162199b28c13a410421893ffa2e32 -> 
  custom:video-decoder-ogg-theora: a1e56fd34408186e4bbccfd4996cb3dc -> 
  custom:container-muxer-webm: aa71ff27fc2769a1b78a27578f13a17b -> 
  custom:container-demuxer-webm: 4f35f7cbe854078d1ac9338744f61a02 -> 
  custom:container-demuxer-ogg: 62fdf1f143b41e24485cea50d1cbac27 -> 
  custom:video-encoder-webm-vp8: eb34c28f22e8b96e1ab97ce403110664 -> 
  custom:video-decoder-webm-vp8: 9c59270c3fd7afecdb556c50c9e8de78 -> 
  custom:audio-decoder-ogg-vorbis: bf7c407c2cedff20999df2af8eb42d56 -> 
  custom:audio-encoder-webm-vorbis: bf7c407c2cedff20999df2af8eb42d56 -> 
========================================================================
Received Import Request.
  Time since last request: 96.588347 seconds.
  path: Assets/CUMEN20.png
  artifactKey: Guid(9d2a3edd50a56474caf20aeb117bef84) Importer(815301076,1909f56bfc062723c751e8b465ee728b)
Start importing Assets/CUMEN20.png using Guid(9d2a3edd50a56474caf20aeb117bef84) Importer(815301076,1909f56bfc062723c751e8b465ee728b)  -> (artifact id: '617e05e0c8b7a46b80d74442790c3ec8') in 0.051082 seconds 
========================================================================
Received Import Request.
  Time since last request: 107.675832 seconds.
  path: Assets/CUMEN30.png
  artifactKey: Guid(2a15c2a0742b1024da059af9079a6cbb) Importer(815301076,1909f56bfc062723c751e8b465ee728b)
Start importing Assets/CUMEN30.png using Guid(2a15c2a0742b1024da059af9079a6cbb) Importer(815301076,1909f56bfc062723c751e8b465ee728b)  -> (artifact id: '22198bf23a35f37603049b2df30d9a41') in 0.074697 seconds 
========================================================================
Received Import Request.
  Time since last request: 44.918677 seconds.
  path: Assets/CUMEN30.png
  artifactKey: Guid(2a15c2a0742b1024da059af9079a6cbb) Importer(815301076,1909f56bfc062723c751e8b465ee728b)
Start importing Assets/CUMEN30.png using Guid(2a15c2a0742b1024da059af9079a6cbb) Importer(815301076,1909f56bfc062723c751e8b465ee728b)  -> (artifact id: '0068e8133728056df01ca418f87cf435') in 0.167230 seconds 
========================================================================
Received Import Request.
  Time since last request: 7.931565 seconds.
  path: Assets/CUMEN30.png
  artifactKey: Guid(2a15c2a0742b1024da059af9079a6cbb) Importer(815301076,1909f56bfc062723c751e8b465ee728b)
Start importing Assets/CUMEN30.png using Guid(2a15c2a0742b1024da059af9079a6cbb) Importer(815301076,1909f56bfc062723c751e8b465ee728b)  -> (artifact id: '30e51d865d974850a3e3e2f1e10ded40') in 0.211778 seconds 
========================================================================
Received Import Request.
  Time since last request: 27.396520 seconds.
  path: Assets/CUMEN30.png
  artifactKey: Guid(2a15c2a0742b1024da059af9079a6cbb) Importer(815301076,1909f56bfc062723c751e8b465ee728b)
Start importing Assets/CUMEN30.png using Guid(2a15c2a0742b1024da059af9079a6cbb) Importer(815301076,1909f56bfc062723c751e8b465ee728b)  -> (artifact id: '03e0598ef2fc05839952cdfaa2f9eaa4') in 0.131558 seconds 
========================================================================
Received Import Request.
  Time since last request: 13.039458 seconds.
  path: Assets/CUMEN30.png
  artifactKey: Guid(2a15c2a0742b1024da059af9079a6cbb) Importer(815301076,1909f56bfc062723c751e8b465ee728b)
Start importing Assets/CUMEN30.png using Guid(2a15c2a0742b1024da059af9079a6cbb) Importer(815301076,1909f56bfc062723c751e8b465ee728b)  -> (artifact id: '820ffb0a78f388094444e70d56716761') in 0.171475 seconds 
========================================================================
Received Import Request.
  Time since last request: 7.566396 seconds.
  path: Assets/CUMEN30.png
  artifactKey: Guid(2a15c2a0742b1024da059af9079a6cbb) Importer(815301076,1909f56bfc062723c751e8b465ee728b)
Start importing Assets/CUMEN30.png using Guid(2a15c2a0742b1024da059af9079a6cbb) Importer(815301076,1909f56bfc062723c751e8b465ee728b)  -> (artifact id: '4c00d91c9fabac8e3ade9d36db75c424') in 0.160182 seconds 
========================================================================
Received Import Request.
  Time since last request: 9.526947 seconds.
  path: Assets/CUMEN30.png
  artifactKey: Guid(2a15c2a0742b1024da059af9079a6cbb) Importer(815301076,1909f56bfc062723c751e8b465ee728b)
Start importing Assets/CUMEN30.png using Guid(2a15c2a0742b1024da059af9079a6cbb) Importer(815301076,1909f56bfc062723c751e8b465ee728b)  -> (artifact id: '70d8fbf1d312f8dbd85948b066ad5433') in 0.037250 seconds 
========================================================================
Received Import Request.
  Time since last request: 24.291819 seconds.
  path: Assets/CUMEN30.png
  artifactKey: Guid(2a15c2a0742b1024da059af9079a6cbb) Importer(815301076,1909f56bfc062723c751e8b465ee728b)
Start importing Assets/CUMEN30.png using Guid(2a15c2a0742b1024da059af9079a6cbb) Importer(815301076,1909f56bfc062723c751e8b465ee728b)  -> (artifact id: '6ced421db758747c7a12c860dd6da022') in 0.164968 seconds 
========================================================================
Received Import Request.
  Time since last request: 7.122142 seconds.
  path: Assets/CUMEN30.png
  artifactKey: Guid(2a15c2a0742b1024da059af9079a6cbb) Importer(815301076,1909f56bfc062723c751e8b465ee728b)
Start importing Assets/CUMEN30.png using Guid(2a15c2a0742b1024da059af9079a6cbb) Importer(815301076,1909f56bfc062723c751e8b465ee728b)  -> (artifact id: '5a231b64a05fb4fead5c764449a27f7a') in 0.150575 seconds 
========================================================================
Received Import Request.
  Time since last request: 37.792845 seconds.
  path: Assets/dlyaden4ika.png
  artifactKey: Guid(0f7f9ff7ec95fd345b1137b3d888cf06) Importer(815301076,1909f56bfc062723c751e8b465ee728b)
Start importing Assets/dlyaden4ika.png using Guid(0f7f9ff7ec95fd345b1137b3d888cf06) Importer(815301076,1909f56bfc062723c751e8b465ee728b)  -> (artifact id: '078fccdf6b5d1f09d34faeaa8f19f167') in 0.026169 seconds 
========================================================================
Received Import Request.
  Time since last request: 9.959055 seconds.
  path: Assets/dlyaden4ika.png
  artifactKey: Guid(0f7f9ff7ec95fd345b1137b3d888cf06) Importer(815301076,1909f56bfc062723c751e8b465ee728b)
Start importing Assets/dlyaden4ika.png using Guid(0f7f9ff7ec95fd345b1137b3d888cf06) Importer(815301076,1909f56bfc062723c751e8b465ee728b)  -> (artifact id: 'b30fd54c350fee9092db734185ac67ad') in 0.014727 seconds 
========================================================================
Received Import Request.
  Time since last request: 47.226854 seconds.
  path: Assets/dlyaden4ika.png
  artifactKey: Guid(0f7f9ff7ec95fd345b1137b3d888cf06) Importer(815301076,1909f56bfc062723c751e8b465ee728b)
Start importing Assets/dlyaden4ika.png using Guid(0f7f9ff7ec95fd345b1137b3d888cf06) Importer(815301076,1909f56bfc062723c751e8b465ee728b)  -> (artifact id: 'a9ec6a1f2dad957f295cbde629d6a7e6') in 0.051344 seconds 
========================================================================
Received Import Request.
  Time since last request: 41.623967 seconds.
  path: Assets/dlyaden4ika.png
  artifactKey: Guid(0f7f9ff7ec95fd345b1137b3d888cf06) Importer(815301076,1909f56bfc062723c751e8b465ee728b)
Start importing Assets/dlyaden4ika.png using Guid(0f7f9ff7ec95fd345b1137b3d888cf06) Importer(815301076,1909f56bfc062723c751e8b465ee728b)  -> (artifact id: 'b07cce6473d42209afebe651d58b6ce4') in 0.043529 seconds 
========================================================================
Received Import Request.
  Time since last request: 8.262138 seconds.
  path: Assets/dlyaden4ika.png
  artifactKey: Guid(0f7f9ff7ec95fd345b1137b3d888cf06) Importer(815301076,1909f56bfc062723c751e8b465ee728b)
Start importing Assets/dlyaden4ika.png using Guid(0f7f9ff7ec95fd345b1137b3d888cf06) Importer(815301076,1909f56bfc062723c751e8b465ee728b)  -> (artifact id: '99907442cd874733edcd88072e426d47') in 0.037043 seconds 
========================================================================
Received Import Request.
  Time since last request: 12.671116 seconds.
  path: Assets/dlyaden4ika.png
  artifactKey: Guid(0f7f9ff7ec95fd345b1137b3d888cf06) Importer(815301076,1909f56bfc062723c751e8b465ee728b)
Start importing Assets/dlyaden4ika.png using Guid(0f7f9ff7ec95fd345b1137b3d888cf06) Importer(815301076,1909f56bfc062723c751e8b465ee728b)  -> (artifact id: '79ef3ef23583f2e909e3716e502d6ad4') in 0.043958 seconds 
========================================================================
Received Import Request.
  Time since last request: 14.118140 seconds.
  path: Assets/dlyaden4ika.png
  artifactKey: Guid(0f7f9ff7ec95fd345b1137b3d888cf06) Importer(815301076,1909f56bfc062723c751e8b465ee728b)
Start importing Assets/dlyaden4ika.png using Guid(0f7f9ff7ec95fd345b1137b3d888cf06) Importer(815301076,1909f56bfc062723c751e8b465ee728b)  -> (artifact id: '4e909225b9fd843a729d298bda98d6cb') in 0.038110 seconds 
========================================================================
Received Import Request.
  Time since last request: 12.525098 seconds.
  path: Assets/dlyaden4ika.png
  artifactKey: Guid(0f7f9ff7ec95fd345b1137b3d888cf06) Importer(815301076,1909f56bfc062723c751e8b465ee728b)
Start importing Assets/dlyaden4ika.png using Guid(0f7f9ff7ec95fd345b1137b3d888cf06) Importer(815301076,1909f56bfc062723c751e8b465ee728b)  -> (artifact id: '9a5540cb8b5f9f9b28ed667e8633adb8') in 0.145299 seconds 
========================================================================
Received Import Request.
  Time since last request: 13.698934 seconds.
  path: Assets/dlyaden4ika.png
  artifactKey: Guid(0f7f9ff7ec95fd345b1137b3d888cf06) Importer(815301076,1909f56bfc062723c751e8b465ee728b)
Start importing Assets/dlyaden4ika.png using Guid(0f7f9ff7ec95fd345b1137b3d888cf06) Importer(815301076,1909f56bfc062723c751e8b465ee728b)  -> (artifact id: '872273fb63e2aa2c2d7ed1d0af310464') in 0.117450 seconds 
========================================================================
Received Import Request.
  Time since last request: 13.218048 seconds.
  path: Assets/dlyaden4ika.png
  artifactKey: Guid(0f7f9ff7ec95fd345b1137b3d888cf06) Importer(815301076,1909f56bfc062723c751e8b465ee728b)
Start importing Assets/dlyaden4ika.png using Guid(0f7f9ff7ec95fd345b1137b3d888cf06) Importer(815301076,1909f56bfc062723c751e8b465ee728b)  -> (artifact id: '8cdcfa36239f7f4c18a2d8ff4d4fbf2f') in 0.070208 seconds 
========================================================================
Received Import Request.
  Time since last request: 15.717414 seconds.
  path: Assets/dlyaden4ika.png
  artifactKey: Guid(0f7f9ff7ec95fd345b1137b3d888cf06) Importer(815301076,1909f56bfc062723c751e8b465ee728b)
Start importing Assets/dlyaden4ika.png using Guid(0f7f9ff7ec95fd345b1137b3d888cf06) Importer(815301076,1909f56bfc062723c751e8b465ee728b)  -> (artifact id: 'e11d47721480e897a02cc8f85f8e1969') in 0.060336 seconds 
========================================================================
Received Prepare
Registering precompiled user dll's ...
Registered in 0.003648 seconds.
Begin MonoManager ReloadAssembly
Native extension for WindowsStandalone target not found
Native extension for WebGL target not found
Refreshing native plugins compatible for Editor in 0.69 ms, found 3 plugins.
Preloading 0 native plugins for Editor in 0.00 ms.
Mono: successfully reloaded assembly
- Completed reload, in  1.267 seconds
Domain Reload Profiling:
	ReloadAssembly (1267ms)
		BeginReloadAssembly (120ms)
			ExecutionOrderSort (0ms)
			DisableScriptedObjects (6ms)
			BackupInstance (0ms)
			ReleaseScriptingObjects (0ms)
			CreateAndSetChildDomain (34ms)
		EndReloadAssembly (1081ms)
			LoadAssemblies (110ms)
			RebuildTransferFunctionScriptingTraits (0ms)
			SetupTypeCache (474ms)
			ReleaseScriptCaches (1ms)
			RebuildScriptCaches (51ms)
			SetupLoadedEditorAssemblies (329ms)
				LogAssemblyErrors (0ms)
				InitializePlatformSupportModulesInManaged (8ms)
				SetLoadedEditorAssemblies (1ms)
				RefreshPlugins (1ms)
				BeforeProcessingInitializeOnLoad (86ms)
				ProcessInitializeOnLoadAttributes (217ms)
				ProcessInitializeOnLoadMethodAttributes (11ms)
				AfterProcessingInitializeOnLoad (5ms)
				EditorAssembliesLoaded (0ms)
			ExecutionOrderSort2 (0ms)
			AwakeInstancesAfterBackupRestoration (9ms)
Platform modules already initialized, skipping
Refreshing native plugins compatible for Editor in 0.48 ms, found 3 plugins.
Preloading 0 native plugins for Editor in 0.00 ms.
Unloading 2195 Unused Serialized files (Serialized files now loaded: 0)
System memory in use before: 100.4 MB.
System memory in use after: 100.4 MB.

Unloading 20 unused Assets to reduce memory usage. Loaded Objects now: 2745.
Total: 2.792400 ms (FindLiveObjects: 0.167200 ms CreateObjectMapping: 0.087300 ms MarkObjects: 2.298000 ms  DeleteObjects: 0.239300 ms)

AssetImportParameters requested are different than current active one (requested -> active):
  custom:framework-win-MediaFoundation: 216162199b28c13a410421893ffa2e32 -> 
  custom:video-decoder-ogg-theora: a1e56fd34408186e4bbccfd4996cb3dc -> 
  custom:container-muxer-webm: aa71ff27fc2769a1b78a27578f13a17b -> 
  custom:container-demuxer-webm: 4f35f7cbe854078d1ac9338744f61a02 -> 
  custom:container-demuxer-ogg: 62fdf1f143b41e24485cea50d1cbac27 -> 
  custom:video-encoder-webm-vp8: eb34c28f22e8b96e1ab97ce403110664 -> 
  custom:video-decoder-webm-vp8: 9c59270c3fd7afecdb556c50c9e8de78 -> 
  custom:audio-decoder-ogg-vorbis: bf7c407c2cedff20999df2af8eb42d56 -> 
  custom:audio-encoder-webm-vorbis: bf7c407c2cedff20999df2af8eb42d56 -> 
========================================================================
Received Import Request.
  Time since last request: 115.404747 seconds.
  path: Assets/Cumen.png
  artifactKey: Guid(37cf88b7fda95e74eb1a8c5239fd3b99) Importer(815301076,1909f56bfc062723c751e8b465ee728b)
Start importing Assets/Cumen.png using Guid(37cf88b7fda95e74eb1a8c5239fd3b99) Importer(815301076,1909f56bfc062723c751e8b465ee728b)  -> (artifact id: '0e6d4881bd16eb80a3722898bd8e41e8') in 0.189732 seconds 
========================================================================
Received Import Request.
  Time since last request: 64.726439 seconds.
  path: Assets/CUMEN30.png
  artifactKey: Guid(2a15c2a0742b1024da059af9079a6cbb) Importer(815301076,1909f56bfc062723c751e8b465ee728b)
Start importing Assets/CUMEN30.png using Guid(2a15c2a0742b1024da059af9079a6cbb) Importer(815301076,1909f56bfc062723c751e8b465ee728b)  -> (artifact id: '28a79aa117962ba92a1fef59b8ede5c9') in 0.163348 seconds 
========================================================================
Received Import Request.
  Time since last request: 6.427802 seconds.
  path: Assets/CUMEN30.png
  artifactKey: Guid(2a15c2a0742b1024da059af9079a6cbb) Importer(815301076,1909f56bfc062723c751e8b465ee728b)
Start importing Assets/CUMEN30.png using Guid(2a15c2a0742b1024da059af9079a6cbb) Importer(815301076,1909f56bfc062723c751e8b465ee728b)  -> (artifact id: 'e218ac63e182a29d7af8dfbc76e0ade3') in 0.152651 seconds 
========================================================================
Received Import Request.
  Time since last request: 8.039639 seconds.
  path: Assets/CUMEN30.png
  artifactKey: Guid(2a15c2a0742b1024da059af9079a6cbb) Importer(815301076,1909f56bfc062723c751e8b465ee728b)
Start importing Assets/CUMEN30.png using Guid(2a15c2a0742b1024da059af9079a6cbb) Importer(815301076,1909f56bfc062723c751e8b465ee728b)  -> (artifact id: 'c36be2784135ab7b8ae750991c3f9a34') in 0.035739 seconds 
========================================================================
Received Import Request.
  Time since last request: 23.428427 seconds.
  path: Assets/CUMEN30.png
  artifactKey: Guid(2a15c2a0742b1024da059af9079a6cbb) Importer(815301076,1909f56bfc062723c751e8b465ee728b)
Start importing Assets/CUMEN30.png using Guid(2a15c2a0742b1024da059af9079a6cbb) Importer(815301076,1909f56bfc062723c751e8b465ee728b)  -> (artifact id: '44c5ef160a985e6c46c89b2677a4d712') in 0.209508 seconds 
========================================================================
Received Import Request.
  Time since last request: 13.411853 seconds.
  path: Assets/CUMEN30.png
  artifactKey: Guid(2a15c2a0742b1024da059af9079a6cbb) Importer(815301076,1909f56bfc062723c751e8b465ee728b)
Start importing Assets/CUMEN30.png using Guid(2a15c2a0742b1024da059af9079a6cbb) Importer(815301076,1909f56bfc062723c751e8b465ee728b)  -> (artifact id: '9411d3725a74b385bafcbf2587466f26') in 0.042482 seconds 
========================================================================
Received Import Request.
  Time since last request: 12.101572 seconds.
  path: Assets/CUMEN30.png
  artifactKey: Guid(2a15c2a0742b1024da059af9079a6cbb) Importer(815301076,1909f56bfc062723c751e8b465ee728b)
Start importing Assets/CUMEN30.png using Guid(2a15c2a0742b1024da059af9079a6cbb) Importer(815301076,1909f56bfc062723c751e8b465ee728b)  -> (artifact id: '7844abf2e15a39bc5892fc543e040968') in 0.040362 seconds 
========================================================================
Received Import Request.
  Time since last request: 9.808353 seconds.
  path: Assets/CUMEN30.png
  artifactKey: Guid(2a15c2a0742b1024da059af9079a6cbb) Importer(815301076,1909f56bfc062723c751e8b465ee728b)
Start importing Assets/CUMEN30.png using Guid(2a15c2a0742b1024da059af9079a6cbb) Importer(815301076,1909f56bfc062723c751e8b465ee728b)  -> (artifact id: 'e70489bab69f029e094fe1c49dd28108') in 0.115080 seconds 
========================================================================
Received Import Request.
  Time since last request: 47.191064 seconds.
  path: Assets/CUMEN30.png
  artifactKey: Guid(2a15c2a0742b1024da059af9079a6cbb) Importer(815301076,1909f56bfc062723c751e8b465ee728b)
Start importing Assets/CUMEN30.png using Guid(2a15c2a0742b1024da059af9079a6cbb) Importer(815301076,1909f56bfc062723c751e8b465ee728b)  -> (artifact id: '45b1901398c901eee1a9e2e683c8eb03') in 0.112677 seconds 
========================================================================
Received Import Request.
  Time since last request: 22.811562 seconds.
  path: Assets/CUMEN30.png
  artifactKey: Guid(2a15c2a0742b1024da059af9079a6cbb) Importer(815301076,1909f56bfc062723c751e8b465ee728b)
Start importing Assets/CUMEN30.png using Guid(2a15c2a0742b1024da059af9079a6cbb) Importer(815301076,1909f56bfc062723c751e8b465ee728b)  -> (artifact id: '2c550a2c5e11df2a82c0878ada274427') in 0.144558 seconds 
========================================================================
Received Import Request.
  Time since last request: 63.820239 seconds.
  path: Assets/CUMEN30.png
  artifactKey: Guid(2a15c2a0742b1024da059af9079a6cbb) Importer(815301076,1909f56bfc062723c751e8b465ee728b)
Start importing Assets/CUMEN30.png using Guid(2a15c2a0742b1024da059af9079a6cbb) Importer(815301076,1909f56bfc062723c751e8b465ee728b)  -> (artifact id: '7c11433480a6665288fd2ee30a89dfaa') in 0.109720 seconds 
========================================================================
Received Prepare
Registering precompiled user dll's ...
Registered in 0.003624 seconds.
Begin MonoManager ReloadAssembly
Native extension for WindowsStandalone target not found
Native extension for WebGL target not found
Refreshing native plugins compatible for Editor in 0.46 ms, found 3 plugins.
Preloading 0 native plugins for Editor in 0.00 ms.
Mono: successfully reloaded assembly
- Completed reload, in  1.192 seconds
Domain Reload Profiling:
	ReloadAssembly (1193ms)
		BeginReloadAssembly (117ms)
			ExecutionOrderSort (0ms)
			DisableScriptedObjects (6ms)
			BackupInstance (0ms)
			ReleaseScriptingObjects (0ms)
			CreateAndSetChildDomain (32ms)
		EndReloadAssembly (1015ms)
			LoadAssemblies (106ms)
			RebuildTransferFunctionScriptingTraits (0ms)
			SetupTypeCache (473ms)
			ReleaseScriptCaches (1ms)
			RebuildScriptCaches (49ms)
			SetupLoadedEditorAssemblies (289ms)
				LogAssemblyErrors (0ms)
				InitializePlatformSupportModulesInManaged (6ms)
				SetLoadedEditorAssemblies (0ms)
				RefreshPlugins (1ms)
				BeforeProcessingInitializeOnLoad (66ms)
				ProcessInitializeOnLoadAttributes (200ms)
				ProcessInitializeOnLoadMethodAttributes (11ms)
				AfterProcessingInitializeOnLoad (6ms)
				EditorAssembliesLoaded (0ms)
			ExecutionOrderSort2 (0ms)
			AwakeInstancesAfterBackupRestoration (9ms)
Platform modules already initialized, skipping
Refreshing native plugins compatible for Editor in 0.68 ms, found 3 plugins.
Preloading 0 native plugins for Editor in 0.00 ms.
Unloading 2195 Unused Serialized files (Serialized files now loaded: 0)
System memory in use before: 100.5 MB.
System memory in use after: 100.5 MB.

Unloading 20 unused Assets to reduce memory usage. Loaded Objects now: 2751.
Total: 2.869100 ms (FindLiveObjects: 0.197200 ms CreateObjectMapping: 0.125200 ms MarkObjects: 2.431800 ms  DeleteObjects: 0.113700 ms)

AssetImportParameters requested are different than current active one (requested -> active):
  custom:framework-win-MediaFoundation: 216162199b28c13a410421893ffa2e32 -> 
  custom:video-decoder-ogg-theora: a1e56fd34408186e4bbccfd4996cb3dc -> 
  custom:container-muxer-webm: aa71ff27fc2769a1b78a27578f13a17b -> 
  custom:container-demuxer-webm: 4f35f7cbe854078d1ac9338744f61a02 -> 
  custom:container-demuxer-ogg: 62fdf1f143b41e24485cea50d1cbac27 -> 
  custom:video-encoder-webm-vp8: eb34c28f22e8b96e1ab97ce403110664 -> 
  custom:video-decoder-webm-vp8: 9c59270c3fd7afecdb556c50c9e8de78 -> 
  custom:audio-decoder-ogg-vorbis: bf7c407c2cedff20999df2af8eb42d56 -> 
  custom:audio-encoder-webm-vorbis: bf7c407c2cedff20999df2af8eb42d56 -> 
========================================================================
Received Prepare
Registering precompiled user dll's ...
Registered in 0.003668 seconds.
Begin MonoManager ReloadAssembly
Native extension for WindowsStandalone target not found
Native extension for WebGL target not found
Refreshing native plugins compatible for Editor in 0.44 ms, found 3 plugins.
Preloading 0 native plugins for Editor in 0.00 ms.
Mono: successfully reloaded assembly
- Completed reload, in  1.234 seconds
Domain Reload Profiling:
	ReloadAssembly (1234ms)
		BeginReloadAssembly (120ms)
			ExecutionOrderSort (0ms)
			DisableScriptedObjects (7ms)
			BackupInstance (0ms)
			ReleaseScriptingObjects (0ms)
			CreateAndSetChildDomain (30ms)
		EndReloadAssembly (1039ms)
			LoadAssemblies (126ms)
			RebuildTransferFunctionScriptingTraits (0ms)
			SetupTypeCache (495ms)
			ReleaseScriptCaches (1ms)
			RebuildScriptCaches (44ms)
			SetupLoadedEditorAssemblies (286ms)
				LogAssemblyErrors (0ms)
				InitializePlatformSupportModulesInManaged (5ms)
				SetLoadedEditorAssemblies (0ms)
				RefreshPlugins (1ms)
				BeforeProcessingInitializeOnLoad (65ms)
				ProcessInitializeOnLoadAttributes (198ms)
				ProcessInitializeOnLoadMethodAttributes (10ms)
				AfterProcessingInitializeOnLoad (7ms)
				EditorAssembliesLoaded (0ms)
			ExecutionOrderSort2 (0ms)
			AwakeInstancesAfterBackupRestoration (9ms)
Platform modules already initialized, skipping
Refreshing native plugins compatible for Editor in 0.49 ms, found 3 plugins.
Preloading 0 native plugins for Editor in 0.00 ms.
Unloading 2195 Unused Serialized files (Serialized files now loaded: 0)
System memory in use before: 100.5 MB.
System memory in use after: 100.6 MB.

Unloading 20 unused Assets to reduce memory usage. Loaded Objects now: 2754.
Total: 3.214900 ms (FindLiveObjects: 0.193900 ms CreateObjectMapping: 0.096700 ms MarkObjects: 2.799800 ms  DeleteObjects: 0.123600 ms)

AssetImportParameters requested are different than current active one (requested -> active):
  custom:framework-win-MediaFoundation: 216162199b28c13a410421893ffa2e32 -> 
  custom:video-decoder-ogg-theora: a1e56fd34408186e4bbccfd4996cb3dc -> 
  custom:container-muxer-webm: aa71ff27fc2769a1b78a27578f13a17b -> 
  custom:container-demuxer-webm: 4f35f7cbe854078d1ac9338744f61a02 -> 
  custom:container-demuxer-ogg: 62fdf1f143b41e24485cea50d1cbac27 -> 
  custom:video-encoder-webm-vp8: eb34c28f22e8b96e1ab97ce403110664 -> 
  custom:video-decoder-webm-vp8: 9c59270c3fd7afecdb556c50c9e8de78 -> 
  custom:audio-decoder-ogg-vorbis: bf7c407c2cedff20999df2af8eb42d56 -> 
  custom:audio-encoder-webm-vorbis: bf7c407c2cedff20999df2af8eb42d56 -> 
========================================================================
Received Prepare
Registering precompiled user dll's ...
Registered in 0.003683 seconds.
Begin MonoManager ReloadAssembly
Native extension for WindowsStandalone target not found
Native extension for WebGL target not found
Refreshing native plugins compatible for Editor in 0.45 ms, found 3 plugins.
Preloading 0 native plugins for Editor in 0.00 ms.
Mono: successfully reloaded assembly
- Completed reload, in  1.073 seconds
Domain Reload Profiling:
	ReloadAssembly (1073ms)
		BeginReloadAssembly (113ms)
			ExecutionOrderSort (0ms)
			DisableScriptedObjects (6ms)
			BackupInstance (0ms)
			ReleaseScriptingObjects (0ms)
			CreateAndSetChildDomain (30ms)
		EndReloadAssembly (899ms)
			LoadAssemblies (104ms)
			RebuildTransferFunctionScriptingTraits (0ms)
			SetupTypeCache (379ms)
			ReleaseScriptCaches (1ms)
			RebuildScriptCaches (44ms)
			SetupLoadedEditorAssemblies (281ms)
				LogAssemblyErrors (0ms)
				InitializePlatformSupportModulesInManaged (5ms)
				SetLoadedEditorAssemblies (0ms)
				RefreshPlugins (1ms)
				BeforeProcessingInitializeOnLoad (63ms)
				ProcessInitializeOnLoadAttributes (195ms)
				ProcessInitializeOnLoadMethodAttributes (10ms)
				AfterProcessingInitializeOnLoad (6ms)
				EditorAssembliesLoaded (0ms)
			ExecutionOrderSort2 (0ms)
			AwakeInstancesAfterBackupRestoration (10ms)
Platform modules already initialized, skipping
Refreshing native plugins compatible for Editor in 0.54 ms, found 3 plugins.
Preloading 0 native plugins for Editor in 0.00 ms.
Unloading 2195 Unused Serialized files (Serialized files now loaded: 0)
System memory in use before: 100.5 MB.
System memory in use after: 100.6 MB.

Unloading 20 unused Assets to reduce memory usage. Loaded Objects now: 2757.
Total: 3.158600 ms (FindLiveObjects: 0.184200 ms CreateObjectMapping: 0.093500 ms MarkObjects: 2.749900 ms  DeleteObjects: 0.129900 ms)

AssetImportParameters requested are different than current active one (requested -> active):
  custom:framework-win-MediaFoundation: 216162199b28c13a410421893ffa2e32 -> 
  custom:video-decoder-ogg-theora: a1e56fd34408186e4bbccfd4996cb3dc -> 
  custom:container-muxer-webm: aa71ff27fc2769a1b78a27578f13a17b -> 
  custom:container-demuxer-webm: 4f35f7cbe854078d1ac9338744f61a02 -> 
  custom:container-demuxer-ogg: 62fdf1f143b41e24485cea50d1cbac27 -> 
  custom:video-encoder-webm-vp8: eb34c28f22e8b96e1ab97ce403110664 -> 
  custom:video-decoder-webm-vp8: 9c59270c3fd7afecdb556c50c9e8de78 -> 
  custom:audio-decoder-ogg-vorbis: bf7c407c2cedff20999df2af8eb42d56 -> 
  custom:audio-encoder-webm-vorbis: bf7c407c2cedff20999df2af8eb42d56 -> 
AssetImportWorkerClient::OnTransportError - code=2 error=End of file
